20:34:57.878 karate.env system property was:  
20:34:58.223 request:
1 > GET https://gorest.co.in/public/v1/users/30
1 > Accept-Encoding: gzip,deflate
1 > Connection: Keep-Alive
1 > Host: gorest.co.in
1 > User-Agent: Apache-HttpClient/4.5.12 (Java/1.8.0_321)

20:34:58.876 response time in milliseconds: 649.62
1 < 200
1 < CF-Cache-Status: DYNAMIC
1 < CF-RAY: 77831063f82c1ce2-ORD
1 < Cache-Control: max-age=0, private, must-revalidate
1 < Connection: keep-alive
1 < Content-Type: application/json; charset=utf-8
1 < Date: Mon, 12 Dec 2022 02:34:58 GMT
1 < NEL: {"success_fraction":0,"report_to":"cf-nel","max_age":604800}
1 < Report-To: {"endpoints":[{"url":"https:\/\/a.nel.cloudflare.com\/report\/v3?s=m6Y4P8Fu2Z1Zkm2pRCU%2BfdsEY5KWPjgEV%2BluIw5UT1GyrlPtWUKqa83xEJw9uX0iIThmFS6WnNe7caf93auj8uBLnAfRN24EPuPIWymgHWsZOEfoRESuRZQvIqvg7vY%3D"}],"group":"cf-nel","max_age":604800}
1 < Server: cloudflare
1 < Transfer-Encoding: chunked
1 < alt-svc: h3=":443"; ma=86400, h3-29=":443"; ma=86400
1 < etag: W/"7090e3b52255ab249c8319df521bedfe"
1 < referrer-policy: strict-origin-when-cross-origin
1 < vary: Origin
1 < x-content-type-options: nosniff
1 < x-download-options: noopen
1 < x-frame-options: SAMEORIGIN
1 < x-permitted-cross-domain-policies: none
1 < x-request-id: 673120a7-76a9-463a-b191-6193d809b8c9
1 < x-runtime: 0.008908
1 < x-xss-protection: 0
{"meta":null,"data":{"id":30,"name":"Chandrakala Mehra","email":"mehra_chandrakala@torphy-kuphal.name","gender":"female","status":"inactive"}}

20:34:58.880 [print] {
  "data": {
    "gender": "female",
    "name": "Chandrakala Mehra",
    "id": 30,
    "email": "mehra_chandrakala@torphy-kuphal.name",
    "status": "inactive"
  },
  "meta": null
}

20:34:58.892 [print] Chandrakala Mehra
20:34:58.902 karate.env system property was:  
20:34:58.905 request:
1 > GET https://gorest.co.in/public/v1/users/1
1 > Accept-Encoding: gzip,deflate
1 > Connection: Keep-Alive
1 > Host: gorest.co.in
1 > User-Agent: Apache-HttpClient/4.5.12 (Java/1.8.0_321)

20:34:59.988 response time in milliseconds: 1082.30
1 < 404
1 < CF-Cache-Status: DYNAMIC
1 < CF-RAY: 778310675a11e27f-ORD
1 < Cache-Control: no-cache
1 < Connection: keep-alive
1 < Content-Type: application/json; charset=utf-8
1 < Date: Mon, 12 Dec 2022 02:34:59 GMT
1 < NEL: {"success_fraction":0,"report_to":"cf-nel","max_age":604800}
1 < Report-To: {"endpoints":[{"url":"https:\/\/a.nel.cloudflare.com\/report\/v3?s=tn2sw3t5qm1z6kV5RaFdHptvhSf6zsTyC%2BLTclGCD7KlJm7D0nJjb9UMnOYYAMW4BENt9bhkBmvSPDzs6AeewLS%2BaQHOtBpXYdE7NreT5uVzQESGUO4aHaYFt%2F0oh%2BU%3D"}],"group":"cf-nel","max_age":604800}
1 < Server: cloudflare
1 < Transfer-Encoding: chunked
1 < alt-svc: h3=":443"; ma=86400, h3-29=":443"; ma=86400
1 < referrer-policy: strict-origin-when-cross-origin
1 < vary: Origin
1 < x-content-type-options: nosniff
1 < x-download-options: noopen
1 < x-frame-options: SAMEORIGIN
1 < x-permitted-cross-domain-policies: none
1 < x-request-id: b3f1ef04-78a4-4b09-b27d-5f7e7d6be607
1 < x-runtime: 0.008753
1 < x-xss-protection: 0
{"meta":null,"data":{"message":"Resource not found"}}

}}

